2026-07-01 17:03:25,973 | INFO | GET https://api.india.delta.exchange/v2/products
2026-07-01 17:03:26,498 | INFO | Delta REST Connected
2026-07-01 17:08:46,714 | INFO | GET https://api.india.delta.exchange/v2/products
2026-07-01 17:08:47,431 | INFO | Loaded 994 products
2026-07-01 17:13:04,840 | INFO | GET https://api.india.delta.exchange/v2/products
2026-07-01 17:13:05,410 | INFO | Delta REST Connected
2026-07-01 17:13:05,410 | INFO | GET https://api.india.delta.exchange/v2/products
2026-07-01 17:13:05,569 | INFO | Loaded 994 products
2026-07-01 17:39:49,092 | INFO | Downloading 1m history for BTCUSD
2026-07-01 17:39:49,093 | INFO | GET https://api.india.delta.exchange/v2/history/candles
2026-07-01 17:39:49,654 | INFO | Downloaded 360 candles.
2026-07-01 17:39:49,656 | INFO | Delta REST Session Closed.
2026-07-01 17:50:34,715 | INFO | Loading historical candles...
2026-07-01 17:50:34,715 | INFO | Downloading 1m history for BTCUSD
2026-07-01 17:50:34,715 | INFO | GET https://api.india.delta.exchange/v2/history/candles
2026-07-01 17:50:35,356 | INFO | Downloaded 1440 candles.
2026-07-01 17:50:35,362 | INFO | History Loaded : 1440 candles
2026-07-01 17:50:35,363 | INFO | Delta REST Session Closed.
2026-07-01 18:15:05,513 | INFO | GET https://api.india.delta.exchange/v2/products
2026-07-01 18:15:05,958 | INFO | Delta REST Connected
2026-07-01 18:15:05,958 | INFO | GET https://api.india.delta.exchange/v2/products
2026-07-01 18:15:06,137 | INFO | Loaded 961 products
2026-07-01 18:15:06,138 | INFO | Loaded Product BTCUSD
2026-07-01 18:15:06,138 | INFO | Loading historical candles...
2026-07-01 18:15:06,138 | INFO | Downloading 1m history for BTCUSD
2026-07-01 18:15:06,138 | INFO | GET https://api.india.delta.exchange/v2/history/candles
2026-07-01 18:15:06,442 | INFO | Downloaded 1440 candles.
2026-07-01 18:15:06,449 | INFO | History Loaded : 1440 candles
2026-07-01 18:15:06,453 | INFO | Delta REST Session Closed.
2026-07-01 18:32:24,307 | INFO | GET https://api.india.delta.exchange/v2/products
2026-07-01 18:32:24,907 | INFO | Loaded 961 products
2026-07-01 18:32:24,908 | INFO | Loaded Product BTCUSD
2026-07-01 18:32:24,908 | INFO | Loading historical candles...
2026-07-01 18:32:24,908 | INFO | Downloading 1m history for BTCUSD
2026-07-01 18:32:24,908 | INFO | GET https://api.india.delta.exchange/v2/history/candles
2026-07-01 18:32:25,173 | INFO | Downloaded 1440 candles.
2026-07-01 18:32:25,182 | INFO | History Loaded : 1440 candles
2026-07-01 18:32:25,184 | INFO | Delta REST Session Closed.
2026-07-01 20:37:31,718 | INFO | Connecting to wss://socket.india.delta.exchange
2026-07-01 20:37:33,534 | INFO | Delta WebSocket Connected
2026-07-01 20:37:33,534 | INFO | Subscribe Request
2026-07-01 20:37:35,939 | INFO | Delta WebSocket Closed
2026-07-01 20:43:32,539 | INFO | Connecting to wss://socket.india.delta.exchange
2026-07-01 20:43:33,521 | INFO | Delta WebSocket Connected
2026-07-01 20:43:33,521 | INFO | Subscribe Request
2026-07-01 20:43:36,433 | INFO | Delta WebSocket Closed
2026-07-01 23:01:08,640 | INFO | Connecting to wss://socket.india.delta.exchange
2026-07-01 23:01:09,778 | INFO | Delta WebSocket Connected
2026-07-01 23:01:09,778 | INFO | Subscribe Request
2026-07-02 08:53:59,474 | WARNING | WebSocket connection closed.
2026-07-02 08:53:59,656 | INFO | Delta WebSocket Closed
2026-07-02 09:22:22,475 | INFO | Connecting to wss://socket.india.delta.exchange
2026-07-02 09:22:24,360 | INFO | Delta WebSocket Connected
2026-07-02 09:22:24,361 | INFO | Subscribe Request
2026-07-02 09:23:04,389 | WARNING | WebSocket connection closed.
2026-07-02 09:23:04,390 | INFO | Delta WebSocket Closed
2026-07-02 09:27:50,599 | INFO | Connecting to wss://socket.india.delta.exchange
2026-07-02 09:27:52,682 | INFO | Delta WebSocket Connected
2026-07-02 09:27:52,682 | INFO | Subscribe Request
2026-07-02 09:38:55,728 | INFO | Connecting to wss://socket.india.delta.exchange
2026-07-02 09:38:56,571 | INFO | Delta WebSocket Connected
2026-07-02 09:38:56,571 | INFO | Subscribe Request
2026-07-02 09:47:59,849 | WARNING | WebSocket Closed | Code=1006 Reason=
2026-07-02 09:47:59,850 | INFO | Delta WebSocket Closed
2026-07-04 19:52:18,413 | INFO | Connecting to wss://socket.india.delta.exchange
2026-07-04 19:52:19,108 | INFO | Delta WebSocket Connected
2026-07-04 19:52:19,109 | INFO | Subscribe Request
